<?xml version="1.0" encoding="UTF-8"?>
<!-- Generated by org.testng.reporters.JUnitXMLReporter -->
<testsuite ignored="0" hostname="DESKTOP-3AE5TMV" failures="0" tests="5" name="Default test" time="0.036" errors="0" timestamp="2021-12-07T21:07:14 CST">
  <testcase classname="com.testNg.testNgAnnotations" name="testcase1" time="0.004"/>
  <testcase classname="com.testNg.testNgAnnotations" name="testcase2" time="0.001"/>
  <testcase classname="com.testNg.testNgAnnotations" name="testcase3" time="0.001"/>
  <testcase classname="com.testNg.testNgAnnotations" name="testcase4" time="0.001"/>
  <testcase classname="com.testNg.testNgAnnotations" name="testcase5" time="0.001"/>
</testsuite> <!-- Default test -->
